Build started 15/11/2013 12:17:19.
     1>Project "C:\Users\Conor\Documents\Visual Studio 2012\Projects\RPG Coursework\RPG Coursework\RPG Coursework.vcxproj" on node 2 (Build target(s)).
     1>ClCompile:
         C:\Program Files (x86)\Microsoft Visual Studio 11.0\VC\bin\CL.exe /c /Zi /nologo /W3 /WX- /O2 /Oi /Oy- /GL /D WIN32 /D NDEBUG /D _CONSOLE /D _UNICODE /D UNICODE /Gm- /EHsc /MD /GS /Gy /fp:precise /Zc:wchar_t /Zc:forScope /Fo"Release\\" /Fd"Release\vc110.pdb" /Gd /TP /analyze- /errorReport:prompt game.cpp Label.cpp Main.cpp Raider.cpp stateCredits.cpp stateMainMenu.cpp statePlay.cpp
         game.cpp
     1>c:\users\conor\documents\visual studio 2012\projects\rpg coursework\rpg coursework\game.h(4): fatal error C1083: Cannot open include file: 'SDL.h': No such file or directory
         Label.cpp
     1>c:\users\conor\documents\visual studio 2012\projects\rpg coursework\rpg coursework\Label.h(3): fatal error C1083: Cannot open include file: 'GL/glew.h': No such file or directory
         Main.cpp
     1>c:\users\conor\documents\visual studio 2012\projects\rpg coursework\rpg coursework\gameState.h(2): fatal error C1083: Cannot open include file: 'SDL.h': No such file or directory
         Raider.cpp
     1>c:\users\conor\documents\visual studio 2012\projects\rpg coursework\rpg coursework\gameState.h(2): fatal error C1083: Cannot open include file: 'SDL.h': No such file or directory
         stateCredits.cpp
     1>c:\users\conor\documents\visual studio 2012\projects\rpg coursework\rpg coursework\gameState.h(2): fatal error C1083: Cannot open include file: 'SDL.h': No such file or directory
         stateMainMenu.cpp
     1>c:\users\conor\documents\visual studio 2012\projects\rpg coursework\rpg coursework\gameState.h(2): fatal error C1083: Cannot open include file: 'SDL.h': No such file or directory
         statePlay.cpp
     1>c:\users\conor\documents\visual studio 2012\projects\rpg coursework\rpg coursework\game.h(4): fatal error C1083: Cannot open include file: 'SDL.h': No such file or directory
     1>Done Building Project "C:\Users\Conor\Documents\Visual Studio 2012\Projects\RPG Coursework\RPG Coursework\RPG Coursework.vcxproj" (Build target(s)) -- FAILED.

Build FAILED.

Time Elapsed 00:00:03.13
